1
0
4 4 4 4 4 4
0
4 4 4 4 4 4
Actual Result:  3
map[3:-4 4:-2 5:8 0:-18 1:-12 2:10]
3

1
1
4 4 0 5 5 5
0
4 4 4 4 4 4
Actual Result:  6
map[1:-6 3:0 4:8 5:8 0:-10]
5

2
2
4 4 0 5 5 0
0
5 5 5 5 4 4
Actual Result:  6
map[0:30 1:16 2:20 3:16 4:18 5:12]
6

1
2
5 5 1 5 5 0
1
5 5 5 5 4 0
Actual Result:  2
map[1:16 2:-6 3:8 4:12 0:-2]
2

1
3
5 0 2 6 6 1
1
5 5 5 5 4 0
Actual Result:  6
map[5:20 0:-14 2:-14 3:4 4:4]
6

1
4
5 0 2 6 6 0
1
5 5 5 5 4 0
Actual Result:  1
map[0:8 2:-2147483648 3:22 4:22]
4

2
4
0 1 3 7 7 6
1
0 5 5 5 4 0
Actual Result:  2
map[1:6 2:8 3:6 4:10]
2

2
4
0 1 3 7 7 6
2
0 0 6 6 5 1
Actual Result:  6
map[2:2147483647 3:22 4:18 5:8]
6

2
4
0 1 3 7 7 6
3
0 0 6 6 5 0
Actual Result:  5
map[2:2147483647 3:24 4:10]
5

1
4
1 2 4 7 7 6
4
0 0 6 6 0 1
Actual Result:  3
map[0:-6 1:-12 2:8 3:-6 4:4 5:-2]
3

1
5
1 2 0 8 8 7
4
0 0 6 6 0 1
Actual Result:  1
map[5:8 0:8 1:8 3:4 4:8]
1

2
5
0 3 0 8 8 7
4
0 0 6 6 0 1
Actual Result:  6
map[2:2147483647 3:2147483647 5:18]
6

2
5
0 3 0 8 8 7
5
0 0 6 6 0 0
Actual Result:  3
map[2:2147483647 3:2147483647]
3

1
5
1 4 0 8 8 7
6
0 0 0 7 1 1
Actual Result:  1
map[3:-16 4:-4 5:-2 0:2147483647 1:2147483647]
1

2
5
0 5 0 8 8 7
6
0 0 0 7 1 1
Actual Result:  4
map[3:2147483647 4:2147483647 5:2147483647]
4

1
5
1 6 1 9 8 7
7
0 0 0 0 2 2
Actual Result:  1
map[4:-4 5:2 0:2147483647 1:-4 2:2147483647 3:-2]
1

2
5
0 7 1 9 8 7
7
0 0 0 0 2 2
Actual Result:  5
map[4:2147483647 5:2147483647]
5

2
5
0 7 1 9 8 7
8
0 0 0 0 0 3
Actual Result:  6
map[5:2147483647]
6

