1
0
4 4 4 4 4 4
0
4 4 4 4 4 4
Actual Result:  3
map[0:-31 1:-20 2:20 3:-13 4:1 5:13]
3

1
1
4 4 0 5 5 5
0
4 4 4 4 4 4
Actual Result:  6
map[0:-33 1:-21 3:-7 4:4 5:7]
6

2
2
4 4 0 5 5 0
0
5 5 5 5 4 4
Actual Result:  6
map[1:7 2:18 3:15 4:14 5:5 0:35]
6

1
2
5 5 1 5 5 0
1
5 5 5 5 4 0
Actual Result:  2
map[3:6 4:19 0:-17 1:17 2:-20]
5

1
3
5 0 2 6 6 1
1
5 5 5 5 4 0
Actual Result:  6
map[0:-37 2:-18 3:-13 4:-12 5:16]
6

1
4
5 0 2 6 6 0
1
5 5 5 5 4 0
Actual Result:  1
map[2:-2147483648 3:13 4:13 0:-19]
4

2
4
0 1 3 7 7 6
1
0 5 5 5 4 0
Actual Result:  4
map[1:-14 2:-14 3:-16 4:-11]
4

1
4
1 2 3 7 7 6
2
0 5 5 0 5 1
Actual Result:  1
map[5:-15 0:-21 1:-26 2:-24 3:-11 4:-9]
5

2
4
0 3 3 7 7 6
2
0 5 5 0 5 1
Actual Result:  6
map[1:0 2:4 4:20 5:-25]
6

2
4
0 3 3 7 7 6
3
0 5 5 0 5 0
Actual Result:  2
map[4:8 1:-15 2:-5]
2

2
4
0 3 3 7 7 6
4
0 0 6 1 6 1
Actual Result:  6
map[3:10 4:19 5:-1 2:2147483647]
6

2
4
0 3 3 7 7 6
5
0 0 6 1 6 0
Actual Result:  5
map[2:2147483647 3:2147483647 4:10]
5

1
4
1 4 4 8 7 6
6
0 0 6 1 0 1
Actual Result:  3
map[4:6 5:14 0:-6 1:-1 2:19 3:2]
3

1
5
1 4 0 9 8 7
6
0 0 6 1 0 1
Actual Result:  1
map[0:-23 1:0 3:6 4:6 5:9]
6

2
5
0 5 0 9 8 7
6
0 0 6 1 0 1
Actual Result:  6
map[2:-6 3:-11 5:-21]
6

2
5
0 5 0 9 8 7
7
0 0 6 1 0 0
Actual Result:  4
map[2:-4 3:-10]
4

1
5
0 0 0 9 8 7
7
0 0 6 0 6 0
Actual Result:  4
map[3:-12 4:-26 5:-2147483648]
4

2
6
0 0 0 0 9 8
7
1 1 7 1 7 1
Actual Result:  6
map[0:-12 1:-6 2:-10 3:4 4:-4 5:-20]
6

2
6
0 0 0 0 9 8
8
1 1 7 1 7 0
Actual Result:  3
map[0:-17 1:3 2:-13 3:-8 4:-2]
1

1
6
1 1 1 0 9 8
9
1 1 0 2 8 1
Actual Result:  3
map[2:-19 4:-7 5:-12 0:-15 1:-6]
2

2
6
1 1 0 1 9 8
9
1 1 0 2 8 1
Actual Result:  6
map[3:3 4:-1 5:-15 0:-8 1:-6]
6

2
6
1 1 0 1 9 8
10
1 1 0 2 8 0
Actual Result:  5
map[4:-3 0:-3 1:-3 3:7]
1

1
6
2 2 1 2 10 9
11
1 1 0 2 0 1
Actual Result:  1
map[4:-7 5:-3 0:3 1:-25 2:4 3:0]
3

2
6
0 3 2 2 10 9
11
1 1 0 2 0 1
Actual Result:  2
map[0:20 1:6 3:16 5:6]
2

1
6
0 3 2 0 10 9
11
1 0 3 2 0 1
Actual Result:  2
map[1:4 2:-2 4:2 5:-5]
2

2
6
0 0 3 1 11 9
11
1 0 3 2 0 1
Actual Result:  6
map[0:8 2:31 3:14 5:2]
6

2
6
0 0 3 1 11 9
12
1 0 3 2 0 0
Actual Result:  4
map[0:12 2:24 3:6]
4

1
6
0 0 3 1 11 9
12
1 0 3 0 1 1
Actual Result:  3
map[5:3 2:-20 3:-14 4:6]
5

2
6
0 0 0 2 12 10
12
1 0 3 0 1 1
Actual Result:  6
map[0:-15 2:37 4:-1 5:-15]
1

2
6
0 0 0 2 12 10
13
1 0 3 0 1 0
Actual Result:  1
map[0:-9 2:38 4:-2]
1

1
6
0 0 0 2 0 10
13
0 13 3 0 1 0
Actual Result:  4
map[3:-2 5:-35]
4

2
6
0 0 0 0 1 11
13
0 13 3 0 1 0
Actual Result:  5
map[1:4 2:2 4:1]
5

1
6
0 0 0 0 1 11
13
0 13 3 0 0 1
Actual Result:  5
map[4:-28 5:-7]
6

2
6
0 0 0 0 0 12
13
0 13 3 0 0 1
Actual Result:  6
map[5:-30 1:0 2:1]
6

2
6
0 0 0 0 0 12
14
0 13 3 0 0 0
Actual Result:  2
map[1:-27 2:2]
2

1
6
1 1 1 1 0 13
15
1 2 4 1 1 1
Actual Result:  4
map[5:5 0:-41 1:-42 2:-28 3:-37]
6

2
6
1 1 1 0 3 13
15
1 0 4 1 1 1
Actual Result:  6
map[4:28 5:-40 0:-7 2:-8 3:2]
6

2
6
1 1 1 0 3 13
16
1 0 4 1 1 0
Actual Result:  3
map[4:18 0:7 2:-32 3:7]
3

2
6
1 1 1 0 3 13
17
1 0 0 2 2 1
Actual Result:  6
map[0:-23 3:2147483647 4:19 5:-27]
6

2
6
1 1 1 0 3 13
18
1 0 0 2 2 0
Actual Result:  1
map[3:2147483647 4:-11 0:-11]
5

1
6
1 1 1 0 0 13
18
0 4 0 2 2 0
Actual Result:  3
map[0:-14 1:-13 2:-10 5:-50]
3

2
6
1 1 0 1 0 13
18
0 4 0 2 2 0
Actual Result:  5
map[1:2147483647 3:2147483647 4:-5]
5

2
6
1 1 0 1 0 13
19
0 4 0 2 0 1
Actual Result:  6
map[1:2147483647 3:2147483647 5:2147483647]
2

2
6
1 1 0 1 0 13
20
0 4 0 2 0 0
Actual Result:  2
map[1:2147483647 3:2147483647]
4

1
6
0 1 0 1 0 13
20
0 0 1 3 1 2
Actual Result:  2
map[1:2147483647 3:2147483647 5:7]
4

2
6
0 0 4 1 0 13
20
0 0 1 0 1 2
Actual Result:  5
map[2:2147483647 4:2147483647 5:2147483647]
3

1
6
0 0 4 1 0 13
20
0 0 1 0 0 3
Actual Result:  3
map[5:16 2:53 3:2147483647]
4

1
7
0 0 0 2 1 14
20
0 0 1 0 0 3
Actual Result:  4
map[3:24 4:41 5:48]
6

2
7
0 0 0 0 2 15
20
0 0 1 0 0 3
Actual Result:  3
map[2:24 5:2147483647]
3

1
7
0 0 0 0 2 15
20
0 0 0 1 0 3
Actual Result:  5
map[4:16 5:26]
6

1
8
0 0 0 0 0 16
20
0 0 0 1 0 3
Actual Result:  6
map[5:6]
6

2
10
1 1 1 1 1 1
20
2 2 1 2 1 4
Actual Result:  3
map[0:6 1:19 2:-3 3:29 4:19 5:13]
3

1
10
1 1 1 1 1 1
20
2 2 0 3 1 4
Actual Result:  6
map[1:-4 2:-27 3:-2147483648 4:-23 5:2147483647 0:-19]
6

1
11
1 1 1 1 1 0
20
2 2 0 3 1 4
Actual Result:  5
map[0:-24 1:-14 2:-28 3:-2147483648 4:2147483647]
5

2
11
1 1 1 1 0 3
20
0 2 0 3 1 4
Actual Result:  2
map[1:2147483647 3:2147483647 4:2147483647 5:2147483647]
2

1
11
1 1 1 1 0 3
20
0 0 1 4 1 4
Actual Result:  4
map[0:2147483647 1:2147483647 2:2147483647 3:2147483647 5:10]
2

2
11
1 1 1 0 1 3
20
0 0 1 4 1 4
Actual Result:  3
map[2:2147483647 3:2147483647 4:2147483647 5:2147483647]
3

1
11
1 1 1 0 1 3
20
0 0 0 5 1 4
Actual Result:  3
map[5:30 0:2147483647 1:2147483647 2:2147483647 4:2147483647]
1

2
11
1 1 0 1 1 3
20
0 0 0 5 1 4
Actual Result:  5
map[3:2147483647 4:2147483647 5:2147483647]
4

1
11
1 1 0 1 1 3
20
0 0 0 5 0 5
Actual Result:  2
map[5:2147483647 0:2147483647 1:2147483647 3:2147483647 4:2147483647]
1

2
11
1 0 6 1 1 3
20
0 0 0 0 0 5
Actual Result:  6
map[5:2147483647]
6

