1
0
4 4 4 4 4 4
0
4 4 4 4 4 4
Actual Result:  3
map[4:1 5:13 0:-31 1:-20 2:20 3:-13]
3

1
1
4 4 0 5 5 5
0
4 4 4 4 4 4
Actual Result:  6
map[3:-7 4:4 5:7 0:-33 1:-21]
6

2
2
4 4 0 5 5 0
0
5 5 5 5 4 4
Actual Result:  6
map[0:35 1:7 2:18 3:15 4:14 5:5]
6

1
2
5 5 1 5 5 0
1
5 5 5 5 4 0
Actual Result:  2
map[0:-17 1:17 2:-20 3:6 4:19]
5

1
3
5 0 2 6 6 1
1
5 5 5 5 4 0
Actual Result:  6
map[0:-37 2:-18 3:-13 4:-12 5:16]
6

1
4
5 0 2 6 6 0
1
5 5 5 5 4 0
Actual Result:  4
map[2:-2147483648 3:13 4:13 0:-19]
4

2
5
5 0 2 0 7 1
1
6 6 6 5 4 0
Actual Result:  5
map[0:8 1:23 2:22 3:12 4:6]
5

1
5
6 1 2 0 7 1
2
6 6 6 5 0 1
Actual Result:  6
map[1:-31 2:-27 4:-31 5:21 0:7]
6

1
6
6 1 2 0 7 0
2
6 6 6 5 0 1
Actual Result:  1
map[0:17 1:-36 2:-33 4:-20]
1

1
7
0 2 3 1 8 1
2
6 6 6 5 0 1
Actual Result:  6
map[3:-17 4:-9 5:16 1:-11 2:-40]
6

1
8
0 2 3 1 8 0
2
6 6 6 5 0 1
Actual Result:  5
map[2:-15 3:-24 4:11 1:-24]
5

2
9
0 2 3 1 0 1
2
7 7 7 6 1 2
Actual Result:  6
map[2:14 3:22 4:14 5:3 0:14 1:11]
6

1
9
1 2 3 1 0 1
3
7 7 7 6 1 0
Actual Result:  6
map[0:-7 1:-14 2:-29 3:11 5:11]
4

1
10
1 2 3 1 0 0
3
7 7 7 6 1 0
Actual Result:  3
map[0:-8 1:-24 2:2 3:11]
4

2
10
1 2 0 2 1 8
3
0 7 7 6 1 0
Actual Result:  4
map[1:8 2:9 3:6 4:10]
4

1
10
2 3 1 2 1 8
4
0 7 7 0 2 1
Actual Result:  6
map[2:-9 3:-7 4:-23 5:21 0:-3 1:-4]
6

2
11
3 3 1 2 1 0
4
1 8 8 1 3 2
Actual Result:  6
map[0:28 1:23 2:48 3:32 4:19 5:17]
6

1
11
4 3 1 2 1 0
5
1 8 8 1 3 0
Actual Result:  1
map[0:21 1:13 2:9 3:4 4:2]
1

2
11
0 4 2 3 2 0
5
1 8 8 1 3 0
Actual Result:  5
map[0:45 1:60 2:52 3:41 4:24]
5

1
11
1 4 2 3 2 0
6
1 8 8 1 0 1
Actual Result:  5
map[2:-12 3:21 4:27 0:6 1:-21]
5

1
12
1 4 2 3 0 1
6
1 8 8 1 0 1
Actual Result:  6
map[0:2 1:-17 2:10 3:8 5:21]
6

1
13
1 4 2 3 0 0
6
1 8 8 1 0 1
Actual Result:  4
map[0:-6 1:-16 2:1 3:18]
4

1
14
1 4 2 0 1 1
6
1 8 8 1 0 1
Actual Result:  6
map[0:-14 1:-6 2:7 4:-14 5:12]
6

1
15
1 4 2 0 1 0
6
1 8 8 1 0 1
Actual Result:  2
map[0:-17 1:7 2:1 4:11]
5

2
15
1 0 3 1 2 2
6
0 8 8 1 0 1
Actual Result:  6
map[1:42 2:36 3:13 5:8]
6

2
15
1 0 3 1 2 2
7
0 8 8 1 0 0
Actual Result:  2
map[1:19 2:20 3:2147483647]
2

1
15
2 1 4 1 2 2
8
0 0 9 2 1 1
Actual Result:  5
map[4:20 5:18 0:-11 1:0 2:21 3:1]
3

1
16
2 1 4 1 0 3
8
0 0 9 2 1 1
Actual Result:  3
map[0:-13 1:-10 2:2147483647 3:11 5:-13]
3

1
17
2 1 0 2 1 4
8
0 0 9 2 1 1
Actual Result:  1
map[0:15 1:2147483647 3:10 4:2 5:-7]
2

2
17
0 2 3 2 1 4
8
0 0 9 0 1 1
Actual Result:  6
map[2:2147483647 4:2147483647 5:22]
6

2
17
0 2 3 2 1 4
9
0 0 9 0 1 0
Actual Result:  3
map[2:2147483647 4:2147483647]
3

1
17
1 3 4 3 2 4
10
0 0 0 1 2 1
Actual Result:  1
map[0:2147483647 1:15 2:2147483647 3:2147483647 4:2147483647 5:2147483647]
1

2
17
0 4 4 3 2 4
10
0 0 0 1 2 1
Actual Result:  4
map[3:2147483647 4:2147483647 5:2147483647]
4

1
17
0 4 4 3 2 4
10
0 0 0 0 3 1
Actual Result:  2
map[2:2147483647 3:2147483647 4:2147483647 5:33 1:2147483647]
4

2
17
0 0 5 4 3 5
10
0 0 0 0 3 1
Actual Result:  6
map[4:2147483647 5:2147483647]
6

2
17
0 0 5 4 3 5
11
0 0 0 0 3 0
Actual Result:  5
map[4:2147483647]
5

1
17
1 0 5 4 3 5
12
0 0 0 0 0 1
Actual Result:  1
map[0:2147483647 2:9 3:-18 4:2147483647 5:-1]
1

2
17
0 1 5 4 3 5
12
0 0 0 0 0 1
Actual Result:  6
map[5:2147483647]
6

